Start testing: May 29 12:43 MSK
----------------------------------------------------------
1/1 Testing: crossguard
1/1 Test: crossguard
Command: "/home/drozd/crossguard/build/crossguard-tests"
Directory: /home/drozd/crossguard/build
"crossguard" start time: May 29 12:43 MSK
Output:
----------------------------------------------------------
=== CrossGuard Tests ===
  ✓ type_system
  ✓ graph_operations
  ✓ finding_creation
  ✓ severity_ordering
  ✓ d1_unit
  ✓ d3_unit
  ✓ type_matching
  ✓ cairo_parser_real
  ✓ d1_on_vuln_cairo
  ✓ d1_on_safe_cairo
  ✓ d3_d4_on_vuln_sol
  ✓ safe_pair_clean
  ✓ vuln_pair_findings

=== Results ===
Passed: 13
Failed: 0
Total:  13
<end of output>
Test time =   0.02 sec
----------------------------------------------------------
Test Passed.
"crossguard" end time: May 29 12:43 MSK
"crossguard" time elapsed: 00:00:00
----------------------------------------------------------

End testing: May 29 12:43 MSK
